This file contains any messages produced by compilers while
running configure, to aid debugging if configure makes a mistake.

It was created by configure, which was
generated by GNU Autoconf 2.63.  Invocation command line was

  $ ./configure --with-php-config=/usr/local/php/bin/php-config

## --------- ##
## Platform. ##
## --------- ##

hostname = gxq_developer
uname -m = x86_64
uname -r = 2.6.32-279.el6.x86_64
uname -s = Linux
uname -v = #1 SMP Fri Jun 22 12:19:21 UTC 2012

/usr/bin/uname -p = unknown
/bin/uname -X     = unknown

/bin/arch              = x86_64
/usr/bin/arch -k       = unknown
/usr/convex/getsysinfo = unknown
/usr/bin/hostinfo      = unknown
/bin/machine           = unknown
/usr/bin/oslevel       = unknown
/bin/universe          = unknown

PATH: /sbin
PATH: /bin
PATH: /usr/sbin
PATH: /usr/bin
PATH: /usr/local/tengine/sbin
PATH: /usr/local/php/bin
PATH: /usr/local/mysql/bin


## ----------- ##
## Core tests. ##
## ----------- ##

configure:1978: checking for grep that handles long lines and -e
configure:2038: result: /bin/grep
configure:2043: checking for egrep
configure:2107: result: /bin/grep -E
configure:2112: checking for a sed that does not truncate output
configure:2166: result: /bin/sed
configure:2298: checking for cc
configure:2314: found /usr/bin/cc
configure:2325: result: cc
configure:2359: checking for C compiler version
configure:2367: cc --version >&5
cc (GCC) 4.4.7 20120313 (Red Hat 4.4.7-16)
Copyright (C) 2010 Free Software Foundation, Inc.
This is free software; see the source for copying conditions.  There is NO
warranty; not even for MERCHANTABILITY or FITNESS FOR A PARTICULAR PURPOSE.

configure:2371: $? = 0
configure:2378: cc -v >&5
Using built-in specs.
Target: x86_64-redhat-linux
Configured with: ../configure --prefix=/usr --mandir=/usr/share/man --infodir=/usr/share/info --with-bugurl=http://bugzilla.redhat.com/bugzilla --enable-bootstrap --enable-shared --enable-threads=posix --enable-checking=release --with-system-zlib --enable-__cxa_atexit --disable-libunwind-exceptions --enable-gnu-unique-object --enable-languages=c,c++,objc,obj-c++,java,fortran,ada --enable-java-awt=gtk --disable-dssi --with-java-home=/usr/lib/jvm/java-1.5.0-gcj-1.5.0.0/jre --enable-libgcj-multifile --enable-java-maintainer-mode --with-ecj-jar=/usr/share/java/eclipse-ecj.jar --disable-libjava-multilib --with-ppl --with-cloog --with-tune=generic --with-arch_32=i686 --build=x86_64-redhat-linux
Thread model: posix
gcc version 4.4.7 20120313 (Red Hat 4.4.7-16) (GCC) 
configure:2382: $? = 0
configure:2389: cc -V >&5
cc: '-V' option must have argument
configure:2393: $? = 1
configure:2416: checking for C compiler default output file name
configure:2438: cc    conftest.c  >&5
configure:2442: $? = 0
configure:2480: result: a.out
configure:2499: checking whether the C compiler works
configure:2509: ./a.out
configure:2513: $? = 0
configure:2532: result: yes
configure:2539: checking whether we are cross compiling
configure:2541: result: no
configure:2544: checking for suffix of executables
configure:2551: cc -o conftest    conftest.c  >&5
configure:2555: $? = 0
configure:2581: result: 
configure:2587: checking for suffix of object files
configure:2613: cc -c   conftest.c >&5
configure:2617: $? = 0
configure:2642: result: o
configure:2646: checking whether we are using the GNU C compiler
configure:2675: cc -c   conftest.c >&5
configure:2682: $? = 0
configure:2699: result: yes
configure:2708: checking whether cc accepts -g
configure:2738: cc -c -g  conftest.c >&5
configure:2745: $? = 0
configure:2846: result: yes
configure:2863: checking for cc option to accept ISO C89
configure:2937: cc  -c -g -O2  conftest.c >&5
configure:2944: $? = 0
configure:2967: result: none needed
configure:2991: checking how to run the C preprocessor
configure:3031: cc -E  conftest.c
configure:3038: $? = 0
configure:3069: cc -E  conftest.c
conftest.c:8:28: error: ac_nonexistent.h: No such file or directory
configure:3076: $? = 1
configure: failed program was:
| /* confdefs.h.  */
| #define PACKAGE_NAME ""
| #define PACKAGE_TARNAME ""
| #define PACKAGE_VERSION ""
| #define PACKAGE_STRING ""
| #define PACKAGE_BUGREPORT ""
| /* end confdefs.h.  */
| #include <ac_nonexistent.h>
configure:3109: result: cc -E
configure:3138: cc -E  conftest.c
configure:3145: $? = 0
configure:3176: cc -E  conftest.c
conftest.c:8:28: error: ac_nonexistent.h: No such file or directory
configure:3183: $? = 1
configure: failed program was:
| /* confdefs.h.  */
| #define PACKAGE_NAME ""
| #define PACKAGE_TARNAME ""
| #define PACKAGE_VERSION ""
| #define PACKAGE_STRING ""
| #define PACKAGE_BUGREPORT ""
| /* end confdefs.h.  */
| #include <ac_nonexistent.h>
configure:3225: checking for icc
configure:3238: result: no
configure:3252: checking for suncc
configure:3265: result: no
configure:3283: checking whether cc understands -c and -o together
configure:3315: cc -c conftest.c -o conftest2.o >&5
configure:3319: $? = 0
configure:3325: cc -c conftest.c -o conftest2.o >&5
configure:3329: $? = 0
configure:3384: result: yes
configure:3400: checking for system library directory
configure:3415: result: lib
configure:3422: checking if compiler supports -R
configure:3451: cc -o conftest -g -O2   conftest.c -R /usr/lib  >&5
cc: unrecognized option '-R'
/usr/lib: file not recognized: Is a directory
collect2: ld returned 1 exit status
configure:3458: $? = 1
configure: failed program was:
| /* confdefs.h.  */
| #define PACKAGE_NAME ""
| #define PACKAGE_TARNAME ""
| #define PACKAGE_VERSION ""
| #define PACKAGE_STRING ""
| #define PACKAGE_BUGREPORT ""
| /* end confdefs.h.  */
| 
| int
| main ()
| {
| 
|   ;
|   return 0;
| }
configure:3480: result: no
configure:3485: checking if compiler supports -Wl,-rpath,
configure:3514: cc -o conftest -g -O2   conftest.c -Wl,-rpath,/usr/lib  >&5
configure:3521: $? = 0
configure:3543: result: yes
configure:3592: checking build system type
configure:3610: result: x86_64-unknown-linux-gnu
configure:3632: checking host system type
configure:3647: result: x86_64-unknown-linux-gnu
configure:3669: checking target system type
configure:3684: result: x86_64-unknown-linux-gnu
configure:3793: checking for PHP prefix
configure:3795: result: /usr/local/php
configure:3797: checking for PHP includes
configure:3799: result: -I/usr/local/php/include/php -I/usr/local/php/include/php/main -I/usr/local/php/include/php/TSRM -I/usr/local/php/include/php/Zend -I/usr/local/php/include/php/ext -I/usr/local/php/include/php/ext/date/lib
configure:3801: checking for PHP extension directory
configure:3803: result: /usr/local/php/lib/php/extensions/no-debug-non-zts-20100525
configure:3805: checking for PHP installed headers prefix
configure:3807: result: /usr/local/php/include/php
configure:3810: checking if debug is enabled
configure:3840: result: no
configure:3843: checking if zts is enabled
configure:3873: result: no
configure:3944: checking for re2c
configure:3974: result: no
configure:3999: WARNING: You will need re2c 0.13.4 or later if you want to regenerate PHP parsers.
configure:4013: checking for gawk
configure:4030: found /bin/gawk
configure:4041: result: gawk
configure:4485: checking for ld used by cc
configure:4552: result: /usr/bin/ld
configure:4561: checking if the linker (/usr/bin/ld) is GNU ld
configure:4576: result: yes
configure:4581: checking for /usr/bin/ld option to reload object files
configure:4588: result: -r
configure:4606: checking for BSD-compatible nm
configure:4655: result: /usr/bin/nm -B
configure:4659: checking whether ln -s works
configure:4663: result: yes
configure:4670: checking how to recognize dependent libraries
configure:4856: result: pass_all
configure:4941: cc -c -g -O2  conftest.c >&5
configure:4944: $? = 0
configure:5097: checking for ANSI C header files
configure:5127: cc -c -g -O2  conftest.c >&5
configure:5134: $? = 0
configure:5233: cc -o conftest -g -O2   conftest.c  >&5
configure:5237: $? = 0
configure:5243: ./conftest
configure:5247: $? = 0
configure:5265: result: yes
configure:5289: checking for sys/types.h
configure:5310: cc -c -g -O2  conftest.c >&5
configure:5317: $? = 0
configure:5334: result: yes
configure:5289: checking for sys/stat.h
configure:5310: cc -c -g -O2  conftest.c >&5
configure:5317: $? = 0
configure:5334: result: yes
configure:5289: checking for stdlib.h
configure:5310: cc -c -g -O2  conftest.c >&5
configure:5317: $? = 0
configure:5334: result: yes
configure:5289: checking for string.h
configure:5310: cc -c -g -O2  conftest.c >&5
configure:5317: $? = 0
configure:5334: result: yes
configure:5289: checking for memory.h
configure:5310: cc -c -g -O2  conftest.c >&5
configure:5317: $? = 0
configure:5334: result: yes
configure:5289: checking for strings.h
configure:5310: cc -c -g -O2  conftest.c >&5
configure:5317: $? = 0
configure:5334: result: yes
configure:5289: checking for inttypes.h
configure:5310: cc -c -g -O2  conftest.c >&5
configure:5317: $? = 0
configure:5334: result: yes
configure:5289: checking for stdint.h
configure:5310: cc -c -g -O2  conftest.c >&5
configure:5317: $? = 0
configure:5334: result: yes
configure:5289: checking for unistd.h
configure:5310: cc -c -g -O2  conftest.c >&5
configure:5317: $? = 0
configure:5334: result: yes
configure:5364: checking dlfcn.h usability
configure:5381: cc -c -g -O2  conftest.c >&5
configure:5388: $? = 0
configure:5402: result: yes
configure:5406: checking dlfcn.h presence
configure:5421: cc -E  conftest.c
configure:5428: $? = 0
configure:5442: result: yes
configure:5470: checking for dlfcn.h
configure:5479: result: yes
configure:5506: checking the maximum length of command line arguments
configure:5618: result: 1966080
configure:5630: checking command to parse /usr/bin/nm -B output from cc object
configure:5735: cc -c -g -O2  conftest.c >&5
configure:5738: $? = 0
configure:5742: /usr/bin/nm -B conftest.o \| sed -n -e 's/^.*[ 	]\([ABCDGIRSTW][ABCDGIRSTW]*\)[ 	][ 	]*\([_A-Za-z][_A-Za-z0-9]*\)$/\1 \2 \2/p' \> conftest.nm
configure:5745: $? = 0
configure:5797: cc -o conftest -g -O2   conftest.c conftstm.o >&5
configure:5800: $? = 0
configure:5838: result: ok
configure:5842: checking for objdir
configure:5857: result: .libs
configure:5949: checking for ar
configure:5965: found /usr/bin/ar
configure:5976: result: ar
configure:6041: checking for ranlib
configure:6057: found /usr/bin/ranlib
configure:6068: result: ranlib
configure:6133: checking for strip
configure:6149: found /usr/bin/strip
configure:6160: result: strip
configure:6729: checking if cc supports -fno-rtti -fno-exceptions
configure:6747: cc -c -g -O2  -fno-rtti -fno-exceptions conftest.c >&5
cc1: warning: command line option "-fno-rtti" is valid for C++/ObjC++ but not for C
configure:6751: $? = 0
configure:6764: result: no
configure:6779: checking for cc option to produce PIC
configure:7019: result: -fPIC
configure:7027: checking if cc PIC flag -fPIC works
configure:7045: cc -c -g -O2  -fPIC -DPIC conftest.c >&5
configure:7049: $? = 0
configure:7062: result: yes
configure:7090: checking if cc static flag -static works
configure:7118: result: no
configure:7128: checking if cc supports -c -o file.o
configure:7149: cc -c -g -O2  -o out/conftest2.o conftest.c >&5
configure:7153: $? = 0
configure:7175: result: yes
configure:7201: checking whether the cc linker (/usr/bin/ld -m elf_x86_64) supports shared libraries
configure:8129: result: yes
configure:8150: checking whether -lc should be explicitly linked in
configure:8155: cc -c -g -O2  conftest.c >&5
configure:8158: $? = 0
configure:8173: cc -shared conftest.o  -v -Wl,-soname -Wl,conftest -o conftest 2\>\&1 \| grep  -lc  \>/dev/null 2\>\&1
configure:8176: $? = 0
configure:8188: result: no
configure:8196: checking dynamic linker characteristics
configure:8794: result: GNU/Linux ld.so
configure:8818: checking how to hardcode library paths into programs
configure:8843: result: immediate
configure:8857: checking whether stripping libraries is possible
configure:8862: result: yes
configure:9692: checking if libtool supports shared libraries
configure:9694: result: yes
configure:9697: checking whether to build shared libraries
configure:9718: result: yes
configure:9721: checking whether to build static libraries
configure:9725: result: no
configure:9820: result:
creating libtool
configure:13517: creating ./config.status

## ---------------------- ##
## Running config.status. ##
## ---------------------- ##

This file was extended by config.status, which was
generated by GNU Autoconf 2.63.  Invocation command line was

  CONFIG_FILES    = 
  CONFIG_HEADERS  = 
  CONFIG_LINKS    = 
  CONFIG_COMMANDS = 
  $ ./config.status 

on gxq_developer

config.status:605: creating config.h

## ---------------- ##
## Cache variables. ##
## ---------------- ##

ac_cv_build=x86_64-unknown-linux-gnu
ac_cv_c_compiler_gnu=yes
ac_cv_env_CC_set=
ac_cv_env_CC_value=
ac_cv_env_CFLAGS_set=
ac_cv_env_CFLAGS_value=
ac_cv_env_CPPFLAGS_set=
ac_cv_env_CPPFLAGS_value=
ac_cv_env_CPP_set=
ac_cv_env_CPP_value=
ac_cv_env_LDFLAGS_set=
ac_cv_env_LDFLAGS_value=
ac_cv_env_LIBS_set=
ac_cv_env_LIBS_value=
ac_cv_env_build_alias_set=
ac_cv_env_build_alias_value=
ac_cv_env_host_alias_set=
ac_cv_env_host_alias_value=
ac_cv_env_target_alias_set=
ac_cv_env_target_alias_value=
ac_cv_header_dlfcn_h=yes
ac_cv_header_inttypes_h=yes
ac_cv_header_memory_h=yes
ac_cv_header_stdc=yes
ac_cv_header_stdint_h=yes
ac_cv_header_stdlib_h=yes
ac_cv_header_string_h=yes
ac_cv_header_strings_h=yes
ac_cv_header_sys_stat_h=yes
ac_cv_header_sys_types_h=yes
ac_cv_header_unistd_h=yes
ac_cv_host=x86_64-unknown-linux-gnu
ac_cv_objext=o
ac_cv_path_EGREP='/bin/grep -E'
ac_cv_path_GREP=/bin/grep
ac_cv_prog_AWK=gawk
ac_cv_prog_CPP='cc -E'
ac_cv_prog_ac_ct_AR=ar
ac_cv_prog_ac_ct_CC=cc
ac_cv_prog_ac_ct_RANLIB=ranlib
ac_cv_prog_ac_ct_STRIP=strip
ac_cv_prog_cc_c89=
ac_cv_prog_cc_cc_c_o=yes
ac_cv_prog_cc_g=yes
ac_cv_target=x86_64-unknown-linux-gnu
lt_cv_deplibs_check_method=pass_all
lt_cv_file_magic_cmd='$MAGIC_CMD'
lt_cv_file_magic_test_file=
lt_cv_ld_reload_flag=-r
lt_cv_objdir=.libs
lt_cv_path_LD=/usr/bin/ld
lt_cv_path_NM='/usr/bin/nm -B'
lt_cv_path_SED=/bin/sed
lt_cv_prog_compiler_c_o=yes
lt_cv_prog_compiler_pic_works=yes
lt_cv_prog_compiler_rtti_exceptions=no
lt_cv_prog_compiler_static_works=no
lt_cv_prog_gnu_ld=yes
lt_cv_sys_global_symbol_pipe='sed -n -e '\''s/^.*[ 	]\([ABCDGIRSTW][ABCDGIRSTW]*\)[ 	][ 	]*\([_A-Za-z][_A-Za-z0-9]*\)$/\1 \2 \2/p'\'''
lt_cv_sys_global_symbol_to_c_name_address='sed -n -e '\''s/^: \([^ ]*\) $/  {\"\1\", (lt_ptr) 0},/p'\'' -e '\''s/^[BCDEGRST] \([^ ]*\) \([^ ]*\)$/  {"\2", (lt_ptr) \&\2},/p'\'''
lt_cv_sys_global_symbol_to_cdecl='sed -n -e '\''s/^. .* \(.*\)$/extern int \1;/p'\'''
lt_cv_sys_lib_dlsearch_path_spec='/lib /usr/lib /usr/local/lib /usr/local/lib /usr/lib64/mysql /usr/local/mysql/lib /usr/lib/vmware-tools/lib32/libvmGuestLib.so /usr/lib/vmware-tools/lib64/libvmGuestLib.so /usr/lib/vmware-tools/lib32/libvmGuestLibJava.so /usr/lib/vmware-tools/lib64/libvmGuestLibJava.so /usr/lib/vmware-tools/lib32/libDeployPkg.so /usr/lib/vmware-tools/lib64/libDeployPkg.so /usr/lib64/xulrunner-2 '
lt_cv_sys_lib_search_path_spec='/usr/lib/gcc/x86_64-redhat-linux/4.4.7 /usr/lib64 /lib64'
lt_cv_sys_max_cmd_len=1966080
lt_lt_cv_prog_compiler_c_o='"yes"'
lt_lt_cv_sys_global_symbol_pipe='"sed -n -e '\''s/^.*[ 	]\\([ABCDGIRSTW][ABCDGIRSTW]*\\)[ 	][ 	]*\\([_A-Za-z][_A-Za-z0-9]*\\)\$/\\1 \\2 \\2/p'\''"'
lt_lt_cv_sys_global_symbol_to_c_name_address='"sed -n -e '\''s/^: \\([^ ]*\\) \$/  {\\\"\\1\\\", (lt_ptr) 0},/p'\'' -e '\''s/^[BCDEGRST] \\([^ ]*\\) \\([^ ]*\\)\$/  {\"\\2\", (lt_ptr) \\&\\2},/p'\''"'
lt_lt_cv_sys_global_symbol_to_cdecl='"sed -n -e '\''s/^. .* \\(.*\\)\$/extern int \\1;/p'\''"'
php_cv_cc_dashr=no
php_cv_cc_rpath=yes

## ----------------- ##
## Output variables. ##
## ----------------- ##

AR='ar'
AWK='gawk'
CC='cc'
CFLAGS='-g -O2'
CONFIGURE_COMMAND=' '\''./configure'\''  '\''--with-php-config=/usr/local/php/bin/php-config'\'''
CONFIGURE_OPTIONS=' '\''--with-php-config=/usr/local/php/bin/php-config'\'''
CPP='cc -E'
CPPFLAGS=' -DHAVE_CONFIG_H'
DEFS='-DHAVE_CONFIG_H'
DSYMUTIL=''
ECHO='echo'
ECHO_C=''
ECHO_N='-n'
ECHO_T=''
EGREP='/bin/grep -E'
EXEEXT=''
GREP='/bin/grep'
LDFLAGS=''
LIBOBJS=''
LIBS=''
LIBTOOL='$(SHELL) $(top_builddir)/libtool'
LN_S='ln -s'
LTLIBOBJS=''
NMEDIT=''
OBJEXT='o'
PACKAGE_BUGREPORT=''
PACKAGE_NAME=''
PACKAGE_STRING=''
PACKAGE_TARNAME=''
PACKAGE_VERSION=''
PATH_SEPARATOR=':'
RANLIB='ranlib'
RE2C='exit 0;'
SED='/bin/sed'
SHELL='/bin/sh'
SHLIB_DL_SUFFIX_NAME='so'
SHLIB_SUFFIX_NAME='so'
STRIP='strip'
ac_ct_CC='cc'
bindir='${exec_prefix}/bin'
build='x86_64-unknown-linux-gnu'
build_alias=''
build_cpu='x86_64'
build_os='linux-gnu'
build_vendor='unknown'
datadir='${datarootdir}'
datarootdir='${prefix}/share'
docdir='${datarootdir}/doc/${PACKAGE}'
dvidir='${docdir}'
exec_prefix='$(prefix)'
host='x86_64-unknown-linux-gnu'
host_alias='x86_64-unknown-linux-gnu'
host_cpu='x86_64'
host_os='linux-gnu'
host_vendor='unknown'
htmldir='${docdir}'
includedir='${prefix}/include'
infodir='${datarootdir}/info'
libdir='${exec_prefix}/lib'
libexecdir='${exec_prefix}/libexec'
localedir='${datarootdir}/locale'
localstatedir='${prefix}/var'
mandir='${datarootdir}/man'
oldincludedir='/usr/include'
pdfdir='${docdir}'
prefix='/usr/local/php'
program_transform_name='s,x,x,'
psdir='${docdir}'
sbindir='${exec_prefix}/sbin'
sharedstatedir='${prefix}/com'
sysconfdir='${prefix}/etc'
target='x86_64-unknown-linux-gnu'
target_alias=''
target_cpu='x86_64'
target_os='linux-gnu'
target_vendor='unknown'

## ----------- ##
## confdefs.h. ##
## ----------- ##

#define PACKAGE_NAME ""
#define PACKAGE_TARNAME ""
#define PACKAGE_VERSION ""
#define PACKAGE_STRING ""
#define PACKAGE_BUGREPORT ""
#define STDC_HEADERS 1
#define HAVE_SYS_TYPES_H 1
#define HAVE_SYS_STAT_H 1
#define HAVE_STDLIB_H 1
#define HAVE_STRING_H 1
#define HAVE_MEMORY_H 1
#define HAVE_STRINGS_H 1
#define HAVE_INTTYPES_H 1
#define HAVE_STDINT_H 1
#define HAVE_UNISTD_H 1
#define HAVE_DLFCN_H 1

configure: exit 0
